[INFO ] 2022-11-18 13:33:23.181 [main] RWC_001 - Opened Browser
[FATAL] 2022-11-18 13:33:23.182 [main] RWC_001 - fatal msg
[DEBUG] 2022-11-18 13:33:23.182 [main] RWC_001 - for debug
[ERROR] 2022-11-18 13:33:23.182 [main] RWC_001 - error message
[WARN ] 2022-11-18 13:33:23.182 [main] RWC_001 - warning message
[INFO ] 2022-11-18 13:33:36.935 [main] RWC_001 - ****************************** Login to the application  *****************************************
[INFO ] 2022-11-18 13:33:37.373 [main] RWC_001 - *** Enter Username ***
[INFO ] 2022-11-18 13:33:37.782 [main] RWC_001 - *** Enter Password ***
[INFO ] 2022-11-18 13:33:41.248 [main] RWC_001 - *** Click Login ***
[INFO ] 2022-11-18 13:33:57.184 [main] RWC_001 - *** Click IRP ***
[INFO ] 2022-11-18 13:33:58.793 [main] RWC_001 - *** Click RenewFleet ***
[INFO ] 2022-11-18 13:34:00.384 [main] RWC_001 - *** Enter Account Number ***
[INFO ] 2022-11-18 13:34:00.764 [main] RWC_001 - *** Enter FleetNo ***
[INFO ] 2022-11-18 13:34:01.168 [main] RWC_001 - *** Click FleetYear ***
[INFO ] 2022-11-18 13:34:32.372 [main] RWC_001 - Opened Browser
[FATAL] 2022-11-18 13:34:32.372 [main] RWC_001 - fatal msg
[DEBUG] 2022-11-18 13:34:32.373 [main] RWC_001 - for debug
[ERROR] 2022-11-18 13:34:32.373 [main] RWC_001 - error message
[WARN ] 2022-11-18 13:34:32.373 [main] RWC_001 - warning message
[INFO ] 2022-11-18 13:34:41.245 [main] RWC_001 - ****************************** Login to the application  *****************************************
[INFO ] 2022-11-18 13:34:41.652 [main] RWC_001 - *** Enter Username ***
[INFO ] 2022-11-18 13:34:42.028 [main] RWC_001 - *** Enter Password ***
[INFO ] 2022-11-18 13:34:44.367 [main] RWC_001 - *** Click Login ***
[INFO ] 2022-11-18 13:34:52.005 [main] RWC_001 - *** Click IRP ***
[INFO ] 2022-11-18 13:34:54.254 [main] RWC_001 - *** Click RenewFleet ***
[INFO ] 2022-11-18 13:34:55.926 [main] RWC_001 - *** Enter Account Number ***
[INFO ] 2022-11-18 13:34:56.267 [main] RWC_001 - *** Enter FleetNo ***
[INFO ] 2022-11-18 13:34:56.631 [main] RWC_001 - *** Click FleetYear ***
[INFO ] 2022-11-18 14:11:20.481 [main] RWC_001 - Opened Browser
[FATAL] 2022-11-18 14:11:20.482 [main] RWC_001 - fatal msg
[DEBUG] 2022-11-18 14:11:20.482 [main] RWC_001 - for debug
[ERROR] 2022-11-18 14:11:20.482 [main] RWC_001 - error message
[WARN ] 2022-11-18 14:11:20.482 [main] RWC_001 - warning message
[INFO ] 2022-11-18 14:11:56.246 [main] RWC_001 - ****************************** Login to the application  *****************************************
[INFO ] 2022-11-18 14:11:56.698 [main] RWC_001 - *** Enter Username ***
[INFO ] 2022-11-18 14:11:57.103 [main] RWC_001 - *** Enter Password ***
[INFO ] 2022-11-18 14:12:00.344 [main] RWC_001 - *** Click Login ***
[INFO ] 2022-11-18 14:12:26.560 [main] RWC_001 - *** Click IRP ***
[INFO ] 2022-11-18 14:12:29.037 [main] RWC_001 - *** Click RenewFleet ***
[INFO ] 2022-11-18 14:12:30.716 [main] RWC_001 - *** Enter Account Number ***
[INFO ] 2022-11-18 14:12:31.119 [main] RWC_001 - *** Enter FleetNo ***
[INFO ] 2022-11-18 14:12:31.520 [main] RWC_001 - *** Click FleetYear ***
[INFO ] 2022-11-18 14:14:50.395 [main] RWC_001 - Opened Browser
[FATAL] 2022-11-18 14:14:50.395 [main] RWC_001 - fatal msg
[DEBUG] 2022-11-18 14:14:50.395 [main] RWC_001 - for debug
[ERROR] 2022-11-18 14:14:50.396 [main] RWC_001 - error message
[WARN ] 2022-11-18 14:14:50.396 [main] RWC_001 - warning message
[INFO ] 2022-11-18 14:15:00.839 [main] RWC_001 - ****************************** Login to the application  *****************************************
[INFO ] 2022-11-18 14:15:01.293 [main] RWC_001 - *** Enter Username ***
[INFO ] 2022-11-18 14:15:01.676 [main] RWC_001 - *** Enter Password ***
[INFO ] 2022-11-18 14:15:04.030 [main] RWC_001 - *** Click Login ***
[INFO ] 2022-11-18 14:15:26.674 [main] RWC_001 - *** Click IRP ***
[INFO ] 2022-11-18 14:15:28.300 [main] RWC_001 - *** Click RenewFleet ***
[INFO ] 2022-11-18 14:15:30.179 [main] RWC_001 - *** Enter Account Number ***
[INFO ] 2022-11-18 14:15:30.569 [main] RWC_001 - *** Enter FleetNo ***
[INFO ] 2022-11-18 14:15:30.971 [main] RWC_001 - *** Click FleetYear ***
[INFO ] 2022-11-21 11:46:12.976 [main] RWC_001 - Opened Browser
[FATAL] 2022-11-21 11:46:12.978 [main] RWC_001 - fatal msg
[DEBUG] 2022-11-21 11:46:12.978 [main] RWC_001 - for debug
[ERROR] 2022-11-21 11:46:12.978 [main] RWC_001 - error message
[WARN ] 2022-11-21 11:46:12.978 [main] RWC_001 - warning message
[INFO ] 2022-11-21 11:46:19.981 [main] RWC_001 - ****************************** Login to the application  *****************************************
[INFO ] 2022-11-21 11:46:20.399 [main] RWC_001 - *** Enter Username ***
[INFO ] 2022-11-21 11:46:20.772 [main] RWC_001 - *** Enter Password ***
[INFO ] 2022-11-21 11:46:23.173 [main] RWC_001 - *** Click Login ***
[INFO ] 2022-11-21 11:46:38.543 [main] RWC_001 - *** Click IRP ***
[INFO ] 2022-11-21 11:46:40.094 [main] RWC_001 - *** Click RenewFleet ***
[INFO ] 2022-11-21 11:46:41.720 [main] RWC_001 - *** Enter Account Number ***
[INFO ] 2022-11-21 11:46:42.085 [main] RWC_001 - *** Enter FleetNo ***
[INFO ] 2022-11-21 11:46:42.475 [main] RWC_001 - *** Click FleetYear ***
[INFO ] 2022-11-21 11:56:04.555 [main] RWC_001 - Opened Browser
[FATAL] 2022-11-21 11:56:04.555 [main] RWC_001 - fatal msg
[DEBUG] 2022-11-21 11:56:04.555 [main] RWC_001 - for debug
[ERROR] 2022-11-21 11:56:04.555 [main] RWC_001 - error message
[WARN ] 2022-11-21 11:56:04.555 [main] RWC_001 - warning message
[INFO ] 2022-11-21 11:56:17.751 [main] RWC_001 - ****************************** Login to the application  *****************************************
[INFO ] 2022-11-21 11:56:18.179 [main] RWC_001 - *** Enter Username ***
[INFO ] 2022-11-21 11:56:18.580 [main] RWC_001 - *** Enter Password ***
[INFO ] 2022-11-21 11:56:20.897 [main] RWC_001 - *** Click Login ***
[INFO ] 2022-11-21 11:56:28.133 [main] RWC_001 - *** Click IRP ***
[INFO ] 2022-11-21 11:56:29.673 [main] RWC_001 - *** Click RenewFleet ***
[INFO ] 2022-11-21 11:56:31.375 [main] RWC_001 - *** Enter Account Number ***
[INFO ] 2022-11-21 11:56:31.766 [main] RWC_001 - *** Enter FleetNo ***
[INFO ] 2022-11-21 11:56:32.167 [main] RWC_001 - *** Click FleetYear ***
